<?xml version="1.0" encoding="UTF-8"?>
<!-- Generated by org.testng.reporters.JUnitReportReporter -->
<testsuite skipped="0" hostname="DESKTOP-DH7S46E" name="fwork.fireOpen2" tests="2" failures="0" timestamp="2020-03-03T15:19:53 IST" time="19.937" errors="0">
  <testcase name="smartDetails" time="11.844" classname="fwork.fireOpen2"/>
  <testcase name="loginGoogle2" time="8.093" classname="fwork.fireOpen2"/>
</testsuite> <!-- fwork.fireOpen2 -->
