<?xml version="1.0" encoding="UTF-8"?>
<!-- Generated by org.testng.reporters.JUnitReportReporter -->
<testsuite skipped="0" hostname="DESKTOP-DH7S46E" name="fwork.fireOpen" tests="1" failures="0" timestamp="2020-02-29T12:05:20 IST" time="11.171" errors="0">
  <testcase name="loginGoogle" time="11.171" classname="fwork.fireOpen"/>
</testsuite> <!-- fwork.fireOpen -->
